56.0 APEX_CODE,FINEST;APEX_PROFILING,INFO;CALLOUT,INFO;DB,INFO;NBA,INFO;SYSTEM,DEBUG;VALIDATION,INFO;VISUALFORCE,FINER;WAVE,INFO;WORKFLOW,INFO
23:16:57.4 (4956312)|USER_INFO|[EXTERNAL]|0057R00000DhD3Y|zahourasmaa@wise-badger-twbz5s.com|(GMT+02:00) Central European Summer Time (Europe/Paris)|GMT+02:00
23:16:57.4 (5071935)|EXECUTION_STARTED
23:16:57.4 (5087486)|CODE_UNIT_STARTED|[EXTERNAL]|01p7R00000CFbib|testUpdateAccountCA.test()
23:16:57.4 (6652884)|HEAP_ALLOCATE|[79]|Bytes:3
23:16:57.4 (6790877)|HEAP_ALLOCATE|[84]|Bytes:152
23:16:57.4 (6817205)|HEAP_ALLOCATE|[399]|Bytes:408
23:16:57.4 (6841545)|HEAP_ALLOCATE|[412]|Bytes:408
23:16:57.4 (6863016)|HEAP_ALLOCATE|[520]|Bytes:48
23:16:57.4 (6896125)|HEAP_ALLOCATE|[139]|Bytes:6
23:16:57.4 (6916642)|HEAP_ALLOCATE|[EXTERNAL]|Bytes:43
23:16:57.4 (6974370)|METHOD_ENTRY|[2]|01p7R00000CFbib|testUpdateAccountCA.testUpdateAccountCA()
23:16:57.4 (7005332)|STATEMENT_EXECUTE|[2]
23:16:57.4 (7024275)|STATEMENT_EXECUTE|[2]
23:16:57.4 (7046897)|METHOD_EXIT|[2]|testUpdateAccountCA
23:16:57.4 (7113858)|HEAP_ALLOCATE|[52]|Bytes:5
23:16:57.4 (7155150)|HEAP_ALLOCATE|[58]|Bytes:5
23:16:57.4 (7168188)|HEAP_ALLOCATE|[66]|Bytes:7
23:16:57.4 (7219379)|STATEMENT_EXECUTE|[3]
23:16:57.4 (7222935)|STATEMENT_EXECUTE|[4]
23:16:57.4 (7311172)|HEAP_ALLOCATE|[4]|Bytes:4
23:16:57.4 (7402083)|HEAP_ALLOCATE|[4]|Bytes:14
23:16:57.4 (8880381)|VARIABLE_ASSIGNMENT|[4]|this.Name|"Test Account 1"|0x56de3c7
23:16:57.4 (8938658)|VARIABLE_SCOPE_BEGIN|[4]|acc1|Account|true|false
23:16:57.4 (8997342)|VARIABLE_ASSIGNMENT|[4]|acc1|{"Name":"Test Account 1"}|0x56de3c7
23:16:57.4 (9013809)|STATEMENT_EXECUTE|[5]
23:16:57.4 (9065999)|HEAP_ALLOCATE|[5]|Bytes:8
23:16:57.4 (9096747)|DML_BEGIN|[5]|Op:Insert|Type:Account|Rows:1
23:16:57.4 (9169950)|HEAP_ALLOCATE|[EXTERNAL]|Bytes:8
23:16:57.4 (75066803)|DML_END|[5]
23:16:57.4 (75116497)|STATEMENT_EXECUTE|[7]
23:16:57.4 (75194015)|HEAP_ALLOCATE|[7]|Bytes:4
23:16:57.4 (75328812)|HEAP_ALLOCATE|[7]|Bytes:24
23:16:57.4 (76915762)|VARIABLE_ASSIGNMENT|[7]|this.Name|"Chemise Verte longue (4 more) ..."|0x72c6ef29
23:16:57.4 (76937624)|HEAP_ALLOCATE|[7]|Bytes:7
23:16:57.4 (76984161)|VARIABLE_ASSIGNMENT|[7]|this.Family|"Chemise"|0x72c6ef29
23:16:57.4 (77035231)|VARIABLE_SCOPE_BEGIN|[7]|pd1|Product2|true|false
23:16:57.4 (77070041)|VARIABLE_ASSIGNMENT|[7]|pd1|{"Name":"Chemise Verte longue (4 more) ...","Family":"Chemise"}|0x72c6ef29
23:16:57.4 (77087248)|STATEMENT_EXECUTE|[8]
23:16:57.4 (77130837)|HEAP_ALLOCATE|[8]|Bytes:8
23:16:57.4 (77154499)|DML_BEGIN|[8]|Op:Insert|Type:Product2|Rows:1
23:16:57.4 (77215605)|HEAP_ALLOCATE|[EXTERNAL]|Bytes:8
23:16:57.4 (108652668)|DML_END|[8]
23:16:57.4 (108689855)|STATEMENT_EXECUTE|[11]
23:16:57.4 (108770095)|HEAP_ALLOCATE|[11]|Bytes:4
23:16:57.4 (108925609)|HEAP_ALLOCATE|[12]|Bytes:94
23:16:57.4 (108949893)|SYSTEM_METHOD_ENTRY|[1]|Test.Test()
23:16:57.4 (108960360)|STATEMENT_EXECUTE|[1]
23:16:57.4 (108971883)|SYSTEM_METHOD_EXIT|[1]|Test
23:16:57.4 (109043124)|METHOD_ENTRY|[12]||System.Test.getStandardPricebookId()
23:16:57.4 (112076808)|METHOD_EXIT|[12]||System.Test.getStandardPricebookId()
23:16:57.4 (113222523)|VARIABLE_ASSIGNMENT|[11]|this.Pricebook2Id|"01s7R000006yc9QQAQ"|0x489939f8
23:16:57.4 (113306396)|VARIABLE_ASSIGNMENT|[11]|this.Product2Id|"01t7R00000AG4uIQAT"|0x489939f8
23:16:57.4 (113347544)|HEAP_ALLOCATE|[11]|Bytes:28
23:16:57.4 (113394668)|VARIABLE_ASSIGNMENT|[11]|this.UnitPrice|1020|0x489939f8
23:16:57.4 (113426924)|VARIABLE_ASSIGNMENT|[11]|this.IsActive|true|0x489939f8
23:16:57.4 (113467698)|VARIABLE_SCOPE_BEGIN|[11]|pbe|PricebookEntry|true|false
23:16:57.4 (113525272)|VARIABLE_ASSIGNMENT|[11]|pbe|{"Pricebook2Id":"01s7R000006yc9QQAQ","Product2Id":"01t7R00000AG4uIQAT","UnitPrice":1020,"IsActive":true}|0x489939f8
23:16:57.4 (113542004)|STATEMENT_EXECUTE|[17]
23:16:57.4 (113574444)|HEAP_ALLOCATE|[17]|Bytes:8
23:16:57.4 (113596418)|DML_BEGIN|[17]|Op:Insert|Type:PricebookEntry|Rows:1
23:16:57.4 (113646688)|HEAP_ALLOCATE|[EXTERNAL]|Bytes:8
23:16:57.4 (145212913)|DML_END|[17]
23:16:57.4 (145256762)|STATEMENT_EXECUTE|[19]
23:16:57.4 (145346197)|HEAP_ALLOCATE|[19]|Bytes:4
23:16:57.4 (146966831)|VARIABLE_ASSIGNMENT|[19]|this.AccountId|"0017R00002z1YbVQAU"|0x4868dc26
23:16:57.4 (147022121)|VARIABLE_SCOPE_BEGIN|[19]|o1|Order|true|false
23:16:57.4 (147055542)|VARIABLE_ASSIGNMENT|[19]|o1|{"AccountId":"0017R00002z1YbVQAU"}|0x4868dc26
23:16:57.4 (147072075)|STATEMENT_EXECUTE|[20]
23:16:57.4 (147111866)|HEAP_ALLOCATE|[20]|Bytes:8
23:16:57.4 (147137430)|DML_BEGIN|[20]|Op:Insert|Type:Order|Rows:1
23:16:57.4 (147196387)|HEAP_ALLOCATE|[EXTERNAL]|Bytes:8
23:16:57.4 (158011473)|DML_END|[20]
23:16:57.4 (158255355)|VF_PAGE_MESSAGE|Required fields are missing: [EffectiveDate, Status]
23:16:57.4 (158480516)|EXCEPTION_THROWN|[20]|System.DmlException: Insert failed. First exception on row 0; first error: REQUIRED_FIELD_MISSING, Required fields are missing: [EffectiveDate, Status]: [EffectiveDate, Status]
23:16:57.4 (159035230)|HEAP_ALLOCATE|[20]|Bytes:159
23:16:57.4 (159161333)|FATAL_ERROR|System.DmlException: Insert failed. First exception on row 0; first error: REQUIRED_FIELD_MISSING, Required fields are missing: [EffectiveDate, Status]: [EffectiveDate, Status]

Class.testUpdateAccountCA.test: line 20, column 1
23:16:57.4 (159181515)|FATAL_ERROR|System.DmlException: Insert failed. First exception on row 0; first error: REQUIRED_FIELD_MISSING, Required fields are missing: [EffectiveDate, Status]: [EffectiveDate, Status]

Class.testUpdateAccountCA.test: line 20, column 1
23:16:57.159 (159202427)|CUMULATIVE_LIMIT_USAGE
23:16:57.159 (159202427)|LIMIT_USAGE_FOR_NS|(default)|
  Number of SOQL queries: 0 out of 100
  Number of query rows: 0 out of 50000
  Number of SOSL queries: 0 out of 20
  Number of DML statements: 4 out of 150
  Number of Publish Immediate DML: 0 out of 150
  Number of DML rows: 4 out of 10000
  Maximum CPU time: 0 out of 10000
  Maximum heap size: 0 out of 6000000
  Number of callouts: 0 out of 100
  Number of Email Invocations: 0 out of 10
  Number of future calls: 0 out of 50
  Number of queueable jobs added to the queue: 0 out of 50
  Number of Mobile Apex push calls: 0 out of 10

23:16:57.159 (159202427)|CUMULATIVE_LIMIT_USAGE_END

23:16:57.4 (159285415)|CODE_UNIT_FINISHED|testUpdateAccountCA.test()
23:16:57.4 (159295517)|EXECUTION_FINISHED
