56.0 APEX_CODE,FINEST;APEX_PROFILING,INFO;CALLOUT,INFO;DB,INFO;NBA,INFO;SYSTEM,DEBUG;VALIDATION,INFO;VISUALFORCE,FINER;WAVE,INFO;WORKFLOW,INFO
22:27:43.0 (887477)|USER_INFO|[EXTERNAL]|0057R00000DhD3Y|zahourasmaa@wise-badger-twbz5s.com|(GMT+02:00) Central European Summer Time (Europe/Paris)|GMT+02:00
22:27:43.0 (960894)|EXECUTION_STARTED
22:27:43.0 (974682)|CODE_UNIT_STARTED|[EXTERNAL]|01p7R00000CFbib|testUpdateAccountCA.test()
22:27:43.0 (2467239)|HEAP_ALLOCATE|[79]|Bytes:3
22:27:43.0 (2605383)|HEAP_ALLOCATE|[84]|Bytes:152
22:27:43.0 (2627745)|HEAP_ALLOCATE|[399]|Bytes:408
22:27:43.0 (2649701)|HEAP_ALLOCATE|[412]|Bytes:408
22:27:43.0 (2669468)|HEAP_ALLOCATE|[520]|Bytes:48
22:27:43.0 (2706534)|HEAP_ALLOCATE|[139]|Bytes:6
22:27:43.0 (2726474)|HEAP_ALLOCATE|[EXTERNAL]|Bytes:43
22:27:43.0 (2789452)|METHOD_ENTRY|[2]|01p7R00000CFbib|testUpdateAccountCA.testUpdateAccountCA()
22:27:43.0 (2801809)|STATEMENT_EXECUTE|[2]
22:27:43.0 (2807901)|STATEMENT_EXECUTE|[2]
22:27:43.0 (2826700)|METHOD_EXIT|[2]|testUpdateAccountCA
22:27:43.0 (2912590)|HEAP_ALLOCATE|[52]|Bytes:5
22:27:43.0 (2950665)|HEAP_ALLOCATE|[58]|Bytes:5
22:27:43.0 (2962861)|HEAP_ALLOCATE|[66]|Bytes:7
22:27:43.0 (3015099)|STATEMENT_EXECUTE|[3]
22:27:43.0 (3018323)|STATEMENT_EXECUTE|[4]
22:27:43.0 (3078803)|HEAP_ALLOCATE|[4]|Bytes:4
22:27:43.0 (3166138)|HEAP_ALLOCATE|[4]|Bytes:14
22:27:43.0 (3300099)|VARIABLE_ASSIGNMENT|[4]|this.Name|"Test Account 1"|0x36a1f727
22:27:43.0 (3347245)|VARIABLE_SCOPE_BEGIN|[4]|acc1|Account|true|false
22:27:43.0 (3404666)|VARIABLE_ASSIGNMENT|[4]|acc1|{"Name":"Test Account 1"}|0x36a1f727
22:27:43.0 (3441410)|STATEMENT_EXECUTE|[5]
22:27:43.0 (3490019)|HEAP_ALLOCATE|[5]|Bytes:8
22:27:43.0 (3519034)|DML_BEGIN|[5]|Op:Insert|Type:Account|Rows:1
22:27:43.0 (3585672)|HEAP_ALLOCATE|[EXTERNAL]|Bytes:8
22:27:43.0 (103046507)|DML_END|[5]
22:27:43.0 (103087128)|STATEMENT_EXECUTE|[7]
22:27:43.0 (103161096)|HEAP_ALLOCATE|[7]|Bytes:4
22:27:43.0 (103279445)|HEAP_ALLOCATE|[7]|Bytes:24
22:27:43.0 (103351611)|VARIABLE_ASSIGNMENT|[7]|this.Name|"Chemise Verte longue (4 more) ..."|0x77a633a9
22:27:43.0 (103363645)|HEAP_ALLOCATE|[7]|Bytes:7
22:27:43.0 (103388542)|VARIABLE_ASSIGNMENT|[7]|this.Family|"Chemise"|0x77a633a9
22:27:43.0 (103435889)|VARIABLE_SCOPE_BEGIN|[7]|pd1|Product2|true|false
22:27:43.0 (103469627)|VARIABLE_ASSIGNMENT|[7]|pd1|{"Name":"Chemise Verte longue (4 more) ...","Family":"Chemise"}|0x77a633a9
22:27:43.0 (103480208)|STATEMENT_EXECUTE|[8]
22:27:43.0 (103521378)|HEAP_ALLOCATE|[8]|Bytes:8
22:27:43.0 (103546182)|DML_BEGIN|[8]|Op:Insert|Type:Product2|Rows:1
22:27:43.0 (103604868)|HEAP_ALLOCATE|[EXTERNAL]|Bytes:8
22:27:43.0 (176057380)|DML_END|[8]
22:27:43.0 (176096117)|STATEMENT_EXECUTE|[11]
22:27:43.0 (176179263)|HEAP_ALLOCATE|[11]|Bytes:4
22:27:43.0 (176350868)|HEAP_ALLOCATE|[12]|Bytes:94
22:27:43.0 (176381729)|SYSTEM_METHOD_ENTRY|[1]|Test.Test()
22:27:43.0 (176389124)|STATEMENT_EXECUTE|[1]
22:27:43.0 (176400960)|SYSTEM_METHOD_EXIT|[1]|Test
22:27:43.0 (176509546)|METHOD_ENTRY|[12]||System.Test.getStandardPricebookId()
22:27:43.0 (182420874)|METHOD_EXIT|[12]||System.Test.getStandardPricebookId()
22:27:43.0 (182557550)|VARIABLE_ASSIGNMENT|[11]|this.Pricebook2Id|"01s7R000006yc9QQAQ"|0x1d881031
22:27:43.0 (182619499)|VARIABLE_ASSIGNMENT|[11]|this.Product2Id|"01t7R00000AG4u3QAD"|0x1d881031
22:27:43.0 (182666664)|HEAP_ALLOCATE|[11]|Bytes:28
22:27:43.0 (182697462)|VARIABLE_ASSIGNMENT|[11]|this.UnitPrice|1020|0x1d881031
22:27:43.0 (182723396)|VARIABLE_ASSIGNMENT|[11]|this.IsActive|true|0x1d881031
22:27:43.0 (182766165)|VARIABLE_SCOPE_BEGIN|[11]|pbe|PricebookEntry|true|false
22:27:43.0 (182804510)|VARIABLE_ASSIGNMENT|[11]|pbe|{"Pricebook2Id":"01s7R000006yc9QQAQ","Product2Id":"01t7R00000AG4u3QAD","UnitPrice":1020,"IsActive":true}|0x1d881031
22:27:43.0 (182814248)|STATEMENT_EXECUTE|[17]
22:27:43.0 (182852743)|HEAP_ALLOCATE|[17]|Bytes:8
22:27:43.0 (182893107)|DML_BEGIN|[17]|Op:Insert|Type:PricebookEntry|Rows:1
22:27:43.0 (182962834)|HEAP_ALLOCATE|[EXTERNAL]|Bytes:8
22:27:43.0 (233134175)|DML_END|[17]
22:27:43.0 (233173357)|STATEMENT_EXECUTE|[19]
22:27:43.0 (233234649)|HEAP_ALLOCATE|[19]|Bytes:4
22:27:43.0 (233462000)|VARIABLE_ASSIGNMENT|[19]|this.AccountId|"0017R00002z1Yb1QAE"|0x6795ab2a
22:27:43.0 (233505905)|VARIABLE_SCOPE_BEGIN|[19]|o1|Order|true|false
22:27:43.0 (233538082)|VARIABLE_ASSIGNMENT|[19]|o1|{"AccountId":"0017R00002z1Yb1QAE"}|0x6795ab2a
22:27:43.0 (233547671)|STATEMENT_EXECUTE|[20]
22:27:43.0 (233585800)|HEAP_ALLOCATE|[20]|Bytes:8
22:27:43.0 (233611522)|DML_BEGIN|[20]|Op:Insert|Type:Order|Rows:1
22:27:43.0 (233665969)|HEAP_ALLOCATE|[EXTERNAL]|Bytes:8
22:27:43.0 (261817484)|DML_END|[20]
22:27:43.0 (262051172)|VF_PAGE_MESSAGE|Required fields are missing: [EffectiveDate, Status]
22:27:43.0 (262211363)|EXCEPTION_THROWN|[20]|System.DmlException: Insert failed. First exception on row 0; first error: REQUIRED_FIELD_MISSING, Required fields are missing: [EffectiveDate, Status]: [EffectiveDate, Status]
22:27:43.0 (262673717)|HEAP_ALLOCATE|[20]|Bytes:159
22:27:43.0 (262787883)|FATAL_ERROR|System.DmlException: Insert failed. First exception on row 0; first error: REQUIRED_FIELD_MISSING, Required fields are missing: [EffectiveDate, Status]: [EffectiveDate, Status]

Class.testUpdateAccountCA.test: line 20, column 1
22:27:43.0 (262806525)|FATAL_ERROR|System.DmlException: Insert failed. First exception on row 0; first error: REQUIRED_FIELD_MISSING, Required fields are missing: [EffectiveDate, Status]: [EffectiveDate, Status]

Class.testUpdateAccountCA.test: line 20, column 1
22:27:43.262 (262823234)|CUMULATIVE_LIMIT_USAGE
22:27:43.262 (262823234)|LIMIT_USAGE_FOR_NS|(default)|
  Number of SOQL queries: 0 out of 100
  Number of query rows: 0 out of 50000
  Number of SOSL queries: 0 out of 20
  Number of DML statements: 4 out of 150
  Number of Publish Immediate DML: 0 out of 150
  Number of DML rows: 4 out of 10000
  Maximum CPU time: 0 out of 10000
  Maximum heap size: 0 out of 6000000
  Number of callouts: 0 out of 100
  Number of Email Invocations: 0 out of 10
  Number of future calls: 0 out of 50
  Number of queueable jobs added to the queue: 0 out of 50
  Number of Mobile Apex push calls: 0 out of 10

22:27:43.262 (262823234)|CUMULATIVE_LIMIT_USAGE_END

22:27:43.0 (262915763)|CODE_UNIT_FINISHED|testUpdateAccountCA.test()
22:27:43.0 (262925055)|EXECUTION_FINISHED
