56.0 APEX_CODE,FINEST;APEX_PROFILING,INFO;CALLOUT,INFO;DB,INFO;NBA,INFO;SYSTEM,DEBUG;VALIDATION,INFO;VISUALFORCE,FINER;WAVE,INFO;WORKFLOW,INFO
13:52:26.4 (4672781)|USER_INFO|[EXTERNAL]|0057R00000DhD3Y|zahourasmaa@wise-badger-twbz5s.com|(GMT+02:00) Central European Summer Time (Europe/Paris)|GMT+02:00
13:52:26.4 (4744706)|EXECUTION_STARTED
13:52:26.4 (4787540)|CODE_UNIT_STARTED|[EXTERNAL]|01p7R00000CFbib|testUpdateAccountCA.test()
13:52:26.4 (6419006)|HEAP_ALLOCATE|[79]|Bytes:3
13:52:26.4 (6566636)|HEAP_ALLOCATE|[84]|Bytes:152
13:52:26.4 (6587593)|HEAP_ALLOCATE|[399]|Bytes:408
13:52:26.4 (6608971)|HEAP_ALLOCATE|[412]|Bytes:408
13:52:26.4 (6627370)|HEAP_ALLOCATE|[520]|Bytes:48
13:52:26.4 (6657709)|HEAP_ALLOCATE|[139]|Bytes:6
13:52:26.4 (6908084)|HEAP_ALLOCATE|[EXTERNAL]|Bytes:43
13:52:26.4 (6965771)|METHOD_ENTRY|[2]|01p7R00000CFbib|testUpdateAccountCA.testUpdateAccountCA()
13:52:26.4 (6975960)|STATEMENT_EXECUTE|[2]
13:52:26.4 (6982230)|STATEMENT_EXECUTE|[2]
13:52:26.4 (6999494)|METHOD_EXIT|[2]|testUpdateAccountCA
13:52:26.4 (7035676)|HEAP_ALLOCATE|[52]|Bytes:5
13:52:26.4 (7071960)|HEAP_ALLOCATE|[58]|Bytes:5
13:52:26.4 (7080480)|HEAP_ALLOCATE|[66]|Bytes:7
13:52:26.4 (7123824)|STATEMENT_EXECUTE|[3]
13:52:26.4 (7125918)|STATEMENT_EXECUTE|[4]
13:52:26.4 (7187481)|HEAP_ALLOCATE|[4]|Bytes:4
13:52:26.4 (7277080)|HEAP_ALLOCATE|[4]|Bytes:14
13:52:26.4 (7388283)|VARIABLE_ASSIGNMENT|[4]|this.Name|"Test Account 1"|0x51fd87f3
13:52:26.4 (7432029)|VARIABLE_SCOPE_BEGIN|[4]|acc1|Account|true|false
13:52:26.4 (7480756)|VARIABLE_ASSIGNMENT|[4]|acc1|{"Name":"Test Account 1"}|0x51fd87f3
13:52:26.4 (7486959)|STATEMENT_EXECUTE|[5]
13:52:26.4 (7530242)|HEAP_ALLOCATE|[5]|Bytes:8
13:52:26.4 (7555873)|DML_BEGIN|[5]|Op:Insert|Type:Account|Rows:1
13:52:26.4 (7596337)|HEAP_ALLOCATE|[EXTERNAL]|Bytes:8
13:52:26.4 (150946612)|DML_END|[5]
13:52:26.4 (150983525)|STATEMENT_EXECUTE|[7]
13:52:26.4 (151048596)|HEAP_ALLOCATE|[7]|Bytes:4
13:52:26.4 (151153712)|HEAP_ALLOCATE|[7]|Bytes:24
13:52:26.4 (151229957)|VARIABLE_ASSIGNMENT|[7]|this.Name|"Chemise Verte longue (4 more) ..."|0x67d3eb8e
13:52:26.4 (151239103)|HEAP_ALLOCATE|[7]|Bytes:7
13:52:26.4 (151269324)|VARIABLE_ASSIGNMENT|[7]|this.Family|"Chemise"|0x67d3eb8e
13:52:26.4 (151306454)|VARIABLE_SCOPE_BEGIN|[7]|pd1|Product2|true|false
13:52:26.4 (151333607)|VARIABLE_ASSIGNMENT|[7]|pd1|{"Name":"Chemise Verte longue (4 more) ...","Family":"Chemise"}|0x67d3eb8e
13:52:26.4 (151340525)|STATEMENT_EXECUTE|[8]
13:52:26.4 (151375248)|HEAP_ALLOCATE|[8]|Bytes:8
13:52:26.4 (151395217)|DML_BEGIN|[8]|Op:Insert|Type:Product2|Rows:1
13:52:26.4 (151445225)|HEAP_ALLOCATE|[EXTERNAL]|Bytes:8
13:52:26.4 (262892621)|DML_END|[8]
13:52:26.4 (262929474)|STATEMENT_EXECUTE|[11]
13:52:26.4 (262997793)|HEAP_ALLOCATE|[11]|Bytes:4
13:52:26.4 (263163483)|HEAP_ALLOCATE|[12]|Bytes:94
13:52:26.4 (263189286)|SYSTEM_METHOD_ENTRY|[1]|Test.Test()
13:52:26.4 (263195060)|STATEMENT_EXECUTE|[1]
13:52:26.4 (263204492)|SYSTEM_METHOD_EXIT|[1]|Test
13:52:26.4 (263284123)|METHOD_ENTRY|[12]||System.Test.getStandardPricebookId()
13:52:26.4 (268648369)|METHOD_EXIT|[12]||System.Test.getStandardPricebookId()
13:52:26.4 (268789258)|VARIABLE_ASSIGNMENT|[11]|this.Pricebook2Id|"01s7R000006yc9QQAQ"|0x41bcfe2a
13:52:26.4 (268851487)|VARIABLE_ASSIGNMENT|[11]|this.Product2Id|"01t7R00000AG4pdQAD"|0x41bcfe2a
13:52:26.4 (268907461)|HEAP_ALLOCATE|[11]|Bytes:28
13:52:26.4 (268939867)|VARIABLE_ASSIGNMENT|[11]|this.UnitPrice|1020|0x41bcfe2a
13:52:26.4 (268963465)|VARIABLE_ASSIGNMENT|[11]|this.IsActive|true|0x41bcfe2a
13:52:26.4 (269022239)|VARIABLE_SCOPE_BEGIN|[11]|pbe|PricebookEntry|true|false
13:52:26.4 (269066227)|VARIABLE_ASSIGNMENT|[11]|pbe|{"Pricebook2Id":"01s7R000006yc9QQAQ","Product2Id":"01t7R00000AG4pdQAD","UnitPrice":1020,"IsActive":true}|0x41bcfe2a
13:52:26.4 (269085327)|STATEMENT_EXECUTE|[17]
13:52:26.4 (269133461)|HEAP_ALLOCATE|[17]|Bytes:8
13:52:26.4 (269160858)|DML_BEGIN|[17]|Op:Insert|Type:PricebookEntry|Rows:1
13:52:26.4 (269221584)|HEAP_ALLOCATE|[EXTERNAL]|Bytes:8
13:52:26.4 (420984745)|DML_END|[17]
13:52:26.4 (421015762)|STATEMENT_EXECUTE|[19]
13:52:26.4 (421064308)|HEAP_ALLOCATE|[19]|Bytes:4
13:52:26.4 (421303362)|VARIABLE_ASSIGNMENT|[19]|this.AccountId|"0017R00002z1XMsQAM"|0x3272f7b2
13:52:26.4 (421343860)|VARIABLE_SCOPE_BEGIN|[19]|o1|Order|true|false
13:52:26.4 (421368182)|VARIABLE_ASSIGNMENT|[19]|o1|{"AccountId":"0017R00002z1XMsQAM"}|0x3272f7b2
13:52:26.4 (421374911)|STATEMENT_EXECUTE|[20]
13:52:26.4 (421409147)|HEAP_ALLOCATE|[20]|Bytes:8
13:52:26.4 (421452227)|DML_BEGIN|[20]|Op:Insert|Type:Order|Rows:1
13:52:26.4 (421529836)|HEAP_ALLOCATE|[EXTERNAL]|Bytes:8
13:52:26.4 (448150296)|DML_END|[20]
13:52:26.4 (448385072)|VF_PAGE_MESSAGE|Required fields are missing: [EffectiveDate, Status]
13:52:26.4 (448709874)|EXCEPTION_THROWN|[20]|System.DmlException: Insert failed. First exception on row 0; first error: REQUIRED_FIELD_MISSING, Required fields are missing: [EffectiveDate, Status]: [EffectiveDate, Status]
13:52:26.4 (449393108)|HEAP_ALLOCATE|[20]|Bytes:159
13:52:26.4 (449505634)|FATAL_ERROR|System.DmlException: Insert failed. First exception on row 0; first error: REQUIRED_FIELD_MISSING, Required fields are missing: [EffectiveDate, Status]: [EffectiveDate, Status]

Class.testUpdateAccountCA.test: line 20, column 1
13:52:26.4 (449527325)|FATAL_ERROR|System.DmlException: Insert failed. First exception on row 0; first error: REQUIRED_FIELD_MISSING, Required fields are missing: [EffectiveDate, Status]: [EffectiveDate, Status]

Class.testUpdateAccountCA.test: line 20, column 1
13:52:26.449 (449555555)|CUMULATIVE_LIMIT_USAGE
13:52:26.449 (449555555)|LIMIT_USAGE_FOR_NS|(default)|
  Number of SOQL queries: 0 out of 100
  Number of query rows: 0 out of 50000
  Number of SOSL queries: 0 out of 20
  Number of DML statements: 4 out of 150
  Number of Publish Immediate DML: 0 out of 150
  Number of DML rows: 4 out of 10000
  Maximum CPU time: 0 out of 10000
  Maximum heap size: 0 out of 6000000
  Number of callouts: 0 out of 100
  Number of Email Invocations: 0 out of 10
  Number of future calls: 0 out of 50
  Number of queueable jobs added to the queue: 0 out of 50
  Number of Mobile Apex push calls: 0 out of 10

13:52:26.449 (449555555)|CUMULATIVE_LIMIT_USAGE_END

13:52:26.4 (449641471)|CODE_UNIT_FINISHED|testUpdateAccountCA.test()
13:52:26.4 (449654490)|EXECUTION_FINISHED
