56.0 APEX_CODE,FINEST;APEX_PROFILING,INFO;CALLOUT,INFO;DB,INFO;NBA,INFO;SYSTEM,DEBUG;VALIDATION,INFO;VISUALFORCE,FINER;WAVE,INFO;WORKFLOW,INFO
10:24:17.4 (4689644)|USER_INFO|[EXTERNAL]|0057R00000DhD3Y|zahourasmaa@wise-badger-twbz5s.com|(GMT+02:00) Central European Summer Time (Europe/Paris)|GMT+02:00
10:24:17.4 (4747593)|EXECUTION_STARTED
10:24:17.4 (4769388)|CODE_UNIT_STARTED|[EXTERNAL]|01p7R00000CFbib|testUpdateAccountCA.test()
10:24:17.4 (6117282)|HEAP_ALLOCATE|[79]|Bytes:3
10:24:17.4 (6214862)|HEAP_ALLOCATE|[84]|Bytes:152
10:24:17.4 (6233450)|HEAP_ALLOCATE|[399]|Bytes:408
10:24:17.4 (6254176)|HEAP_ALLOCATE|[412]|Bytes:408
10:24:17.4 (6272370)|HEAP_ALLOCATE|[520]|Bytes:48
10:24:17.4 (6309597)|HEAP_ALLOCATE|[139]|Bytes:6
10:24:17.4 (6325723)|HEAP_ALLOCATE|[EXTERNAL]|Bytes:43
10:24:17.4 (6349400)|METHOD_ENTRY|[2]|01p7R00000CFbib|testUpdateAccountCA.testUpdateAccountCA()
10:24:17.4 (6359122)|STATEMENT_EXECUTE|[2]
10:24:17.4 (6368561)|STATEMENT_EXECUTE|[2]
10:24:17.4 (6373212)|METHOD_EXIT|[2]|testUpdateAccountCA
10:24:17.4 (6412706)|HEAP_ALLOCATE|[52]|Bytes:5
10:24:17.4 (6437962)|HEAP_ALLOCATE|[58]|Bytes:5
10:24:17.4 (6447024)|HEAP_ALLOCATE|[66]|Bytes:7
10:24:17.4 (6488769)|STATEMENT_EXECUTE|[3]
10:24:17.4 (6491259)|STATEMENT_EXECUTE|[4]
10:24:17.4 (6565411)|HEAP_ALLOCATE|[4]|Bytes:4
10:24:17.4 (6648511)|HEAP_ALLOCATE|[4]|Bytes:14
10:24:17.4 (7952186)|VARIABLE_ASSIGNMENT|[4]|this.Name|"Test Account 1"|0x77c29ddd
10:24:17.4 (8002820)|VARIABLE_SCOPE_BEGIN|[4]|acc1|Account|true|false
10:24:17.4 (8075846)|VARIABLE_ASSIGNMENT|[4]|acc1|{"Name":"Test Account 1"}|0x77c29ddd
10:24:17.4 (8085489)|STATEMENT_EXECUTE|[5]
10:24:17.4 (8139486)|HEAP_ALLOCATE|[5]|Bytes:8
10:24:17.4 (8169956)|DML_BEGIN|[5]|Op:Insert|Type:Account|Rows:1
10:24:17.4 (8214709)|HEAP_ALLOCATE|[EXTERNAL]|Bytes:8
10:24:17.4 (126684575)|DML_END|[5]
10:24:17.4 (126723908)|STATEMENT_EXECUTE|[7]
10:24:17.4 (126793232)|HEAP_ALLOCATE|[7]|Bytes:4
10:24:17.4 (126888837)|HEAP_ALLOCATE|[7]|Bytes:24
10:24:17.4 (128079765)|VARIABLE_ASSIGNMENT|[7]|this.Name|"Chemise Verte longue (4 more) ..."|0x38eec5f6
10:24:17.4 (128097921)|HEAP_ALLOCATE|[7]|Bytes:7
10:24:17.4 (128123493)|VARIABLE_ASSIGNMENT|[7]|this.Family|"Chemise"|0x38eec5f6
10:24:17.4 (128165820)|VARIABLE_SCOPE_BEGIN|[7]|pd1|Product2|true|false
10:24:17.4 (128193875)|VARIABLE_ASSIGNMENT|[7]|pd1|{"Name":"Chemise Verte longue (4 more) ...","Family":"Chemise"}|0x38eec5f6
10:24:17.4 (128202503)|STATEMENT_EXECUTE|[8]
10:24:17.4 (128244528)|HEAP_ALLOCATE|[8]|Bytes:8
10:24:17.4 (128272256)|DML_BEGIN|[8]|Op:Insert|Type:Product2|Rows:1
10:24:17.4 (128329146)|HEAP_ALLOCATE|[EXTERNAL]|Bytes:8
10:24:17.4 (204689389)|DML_END|[8]
10:24:17.4 (204727752)|STATEMENT_EXECUTE|[11]
10:24:17.4 (204816338)|HEAP_ALLOCATE|[11]|Bytes:4
10:24:17.4 (204956205)|HEAP_ALLOCATE|[12]|Bytes:94
10:24:17.4 (204984124)|SYSTEM_METHOD_ENTRY|[1]|Test.Test()
10:24:17.4 (204991613)|STATEMENT_EXECUTE|[1]
10:24:17.4 (205003996)|SYSTEM_METHOD_EXIT|[1]|Test
10:24:17.4 (205029670)|METHOD_ENTRY|[12]||System.Test.getStandardPricebookId()
10:24:17.4 (209554339)|METHOD_EXIT|[12]||System.Test.getStandardPricebookId()
10:24:17.4 (210587907)|VARIABLE_ASSIGNMENT|[11]|this.Pricebook2Id|"01s7R000006yc9QQAQ"|0x140be8c6
10:24:17.4 (210652436)|VARIABLE_ASSIGNMENT|[11]|this.Product2Id|"01t7R00000AG4uNQAT"|0x140be8c6
10:24:17.4 (210701292)|HEAP_ALLOCATE|[11]|Bytes:28
10:24:17.4 (210729390)|VARIABLE_ASSIGNMENT|[11]|this.UnitPrice|1020|0x140be8c6
10:24:17.4 (210750964)|VARIABLE_ASSIGNMENT|[11]|this.IsActive|true|0x140be8c6
10:24:17.4 (210789896)|VARIABLE_SCOPE_BEGIN|[11]|pbe|PricebookEntry|true|false
10:24:17.4 (210819248)|VARIABLE_ASSIGNMENT|[11]|pbe|{"Pricebook2Id":"01s7R000006yc9QQAQ","Product2Id":"01t7R00000AG4uNQAT","UnitPrice":1020,"IsActive":true}|0x140be8c6
10:24:17.4 (210829473)|STATEMENT_EXECUTE|[17]
10:24:17.4 (210870711)|HEAP_ALLOCATE|[17]|Bytes:8
10:24:17.4 (210898260)|DML_BEGIN|[17]|Op:Insert|Type:PricebookEntry|Rows:1
10:24:17.4 (210944001)|HEAP_ALLOCATE|[EXTERNAL]|Bytes:8
10:24:17.4 (268456008)|DML_END|[17]
10:24:17.4 (268492848)|STATEMENT_EXECUTE|[19]
10:24:17.4 (268555890)|HEAP_ALLOCATE|[19]|Bytes:4
10:24:17.4 (270097546)|VARIABLE_ASSIGNMENT|[19]|this.AccountId|"0017R00002z1YjFQAU"|0x6670a2c0
10:24:17.4 (270138113)|VARIABLE_SCOPE_BEGIN|[19]|o1|Order|true|false
10:24:17.4 (270165839)|VARIABLE_ASSIGNMENT|[19]|o1|{"AccountId":"0017R00002z1YjFQAU"}|0x6670a2c0
10:24:17.4 (270174876)|STATEMENT_EXECUTE|[20]
10:24:17.4 (270210405)|HEAP_ALLOCATE|[20]|Bytes:8
10:24:17.4 (270234623)|DML_BEGIN|[20]|Op:Insert|Type:Order|Rows:1
10:24:17.4 (270270076)|HEAP_ALLOCATE|[EXTERNAL]|Bytes:8
10:24:17.4 (281845906)|DML_END|[20]
10:24:17.4 (282052498)|VF_PAGE_MESSAGE|Required fields are missing: [EffectiveDate, Status]
10:24:17.4 (282224320)|EXCEPTION_THROWN|[20]|System.DmlException: Insert failed. First exception on row 0; first error: REQUIRED_FIELD_MISSING, Required fields are missing: [EffectiveDate, Status]: [EffectiveDate, Status]
10:24:17.4 (282694711)|HEAP_ALLOCATE|[20]|Bytes:159
10:24:17.4 (282774862)|FATAL_ERROR|System.DmlException: Insert failed. First exception on row 0; first error: REQUIRED_FIELD_MISSING, Required fields are missing: [EffectiveDate, Status]: [EffectiveDate, Status]

Class.testUpdateAccountCA.test: line 20, column 1
10:24:17.4 (282788275)|FATAL_ERROR|System.DmlException: Insert failed. First exception on row 0; first error: REQUIRED_FIELD_MISSING, Required fields are missing: [EffectiveDate, Status]: [EffectiveDate, Status]

Class.testUpdateAccountCA.test: line 20, column 1
10:24:17.282 (282804865)|CUMULATIVE_LIMIT_USAGE
10:24:17.282 (282804865)|LIMIT_USAGE_FOR_NS|(default)|
  Number of SOQL queries: 0 out of 100
  Number of query rows: 0 out of 50000
  Number of SOSL queries: 0 out of 20
  Number of DML statements: 4 out of 150
  Number of Publish Immediate DML: 0 out of 150
  Number of DML rows: 4 out of 10000
  Maximum CPU time: 0 out of 10000
  Maximum heap size: 0 out of 6000000
  Number of callouts: 0 out of 100
  Number of Email Invocations: 0 out of 10
  Number of future calls: 0 out of 50
  Number of queueable jobs added to the queue: 0 out of 50
  Number of Mobile Apex push calls: 0 out of 10

10:24:17.282 (282804865)|CUMULATIVE_LIMIT_USAGE_END

10:24:17.4 (282866866)|CODE_UNIT_FINISHED|testUpdateAccountCA.test()
10:24:17.4 (282874405)|EXECUTION_FINISHED
