56.0 APEX_CODE,FINEST;APEX_PROFILING,INFO;CALLOUT,INFO;DB,INFO;NBA,INFO;SYSTEM,DEBUG;VALIDATION,INFO;VISUALFORCE,FINER;WAVE,INFO;WORKFLOW,INFO
22:35:09.5 (5022161)|USER_INFO|[EXTERNAL]|0057R00000DhD3Y|zahourasmaa@wise-badger-twbz5s.com|(GMT+02:00) Central European Summer Time (Europe/Paris)|GMT+02:00
22:35:09.5 (5106333)|EXECUTION_STARTED
22:35:09.5 (5128750)|CODE_UNIT_STARTED|[EXTERNAL]|01p7R00000CFbib|testUpdateAccountCA.test()
22:35:09.5 (6877081)|HEAP_ALLOCATE|[79]|Bytes:3
22:35:09.5 (7010639)|HEAP_ALLOCATE|[84]|Bytes:152
22:35:09.5 (7034007)|HEAP_ALLOCATE|[399]|Bytes:408
22:35:09.5 (7055720)|HEAP_ALLOCATE|[412]|Bytes:408
22:35:09.5 (7075686)|HEAP_ALLOCATE|[520]|Bytes:48
22:35:09.5 (7107915)|HEAP_ALLOCATE|[139]|Bytes:6
22:35:09.5 (7126390)|HEAP_ALLOCATE|[EXTERNAL]|Bytes:43
22:35:09.5 (7182434)|METHOD_ENTRY|[2]|01p7R00000CFbib|testUpdateAccountCA.testUpdateAccountCA()
22:35:09.5 (7218583)|STATEMENT_EXECUTE|[2]
22:35:09.5 (7236047)|STATEMENT_EXECUTE|[2]
22:35:09.5 (38160006)|METHOD_EXIT|[2]|testUpdateAccountCA
22:35:09.5 (38288977)|HEAP_ALLOCATE|[52]|Bytes:5
22:35:09.5 (38336444)|HEAP_ALLOCATE|[58]|Bytes:5
22:35:09.5 (38350572)|HEAP_ALLOCATE|[66]|Bytes:7
22:35:09.5 (38426943)|STATEMENT_EXECUTE|[3]
22:35:09.5 (38429458)|STATEMENT_EXECUTE|[4]
22:35:09.5 (38584800)|HEAP_ALLOCATE|[4]|Bytes:4
22:35:09.5 (38737751)|HEAP_ALLOCATE|[4]|Bytes:14
22:35:09.5 (40696262)|VARIABLE_ASSIGNMENT|[4]|this.Name|"Test Account 1"|0xe5e91
22:35:09.5 (40784745)|VARIABLE_SCOPE_BEGIN|[4]|acc1|Account|true|false
22:35:09.5 (40880329)|VARIABLE_ASSIGNMENT|[4]|acc1|{"Name":"Test Account 1"}|0xe5e91
22:35:09.5 (40894965)|STATEMENT_EXECUTE|[5]
22:35:09.5 (40991492)|HEAP_ALLOCATE|[5]|Bytes:8
22:35:09.5 (41043467)|DML_BEGIN|[5]|Op:Insert|Type:Account|Rows:1
22:35:09.5 (41126646)|HEAP_ALLOCATE|[EXTERNAL]|Bytes:8
22:35:09.5 (112253747)|DML_END|[5]
22:35:09.5 (112294295)|STATEMENT_EXECUTE|[7]
22:35:09.5 (112393722)|HEAP_ALLOCATE|[7]|Bytes:4
22:35:09.5 (112963800)|HEAP_ALLOCATE|[7]|Bytes:24
22:35:09.5 (114228556)|VARIABLE_ASSIGNMENT|[7]|this.Name|"Chemise Verte longue (4 more) ..."|0x30466780
22:35:09.5 (114255457)|HEAP_ALLOCATE|[7]|Bytes:7
22:35:09.5 (114310981)|VARIABLE_ASSIGNMENT|[7]|this.Family|"Chemise"|0x30466780
22:35:09.5 (114378932)|VARIABLE_SCOPE_BEGIN|[7]|pd1|Product2|true|false
22:35:09.5 (114435386)|VARIABLE_ASSIGNMENT|[7]|pd1|{"Name":"Chemise Verte longue (4 more) ...","Family":"Chemise"}|0x30466780
22:35:09.5 (114453155)|STATEMENT_EXECUTE|[8]
22:35:09.5 (114507404)|HEAP_ALLOCATE|[8]|Bytes:8
22:35:09.5 (114533989)|DML_BEGIN|[8]|Op:Insert|Type:Product2|Rows:1
22:35:09.5 (114592488)|HEAP_ALLOCATE|[EXTERNAL]|Bytes:8
22:35:09.5 (153888540)|DML_END|[8]
22:35:09.5 (153928276)|STATEMENT_EXECUTE|[11]
22:35:09.5 (154026932)|HEAP_ALLOCATE|[11]|Bytes:4
22:35:09.5 (154240878)|HEAP_ALLOCATE|[12]|Bytes:94
22:35:09.5 (154265137)|SYSTEM_METHOD_ENTRY|[1]|Test.Test()
22:35:09.5 (154273850)|STATEMENT_EXECUTE|[1]
22:35:09.5 (154290326)|SYSTEM_METHOD_EXIT|[1]|Test
22:35:09.5 (154384402)|METHOD_ENTRY|[12]||System.Test.getStandardPricebookId()
22:35:09.5 (157234843)|METHOD_EXIT|[12]||System.Test.getStandardPricebookId()
22:35:09.5 (158247333)|VARIABLE_ASSIGNMENT|[11]|this.Pricebook2Id|"01s7R000006yc9QQAQ"|0x2391e812
22:35:09.5 (158324296)|VARIABLE_ASSIGNMENT|[11]|this.Product2Id|"01t7R00000AG4uDQAT"|0x2391e812
22:35:09.5 (158378078)|HEAP_ALLOCATE|[11]|Bytes:28
22:35:09.5 (158428701)|VARIABLE_ASSIGNMENT|[11]|this.UnitPrice|1020|0x2391e812
22:35:09.5 (158461012)|VARIABLE_ASSIGNMENT|[11]|this.IsActive|true|0x2391e812
22:35:09.5 (158510095)|VARIABLE_SCOPE_BEGIN|[11]|pbe|PricebookEntry|true|false
22:35:09.5 (158548840)|VARIABLE_ASSIGNMENT|[11]|pbe|{"Pricebook2Id":"01s7R000006yc9QQAQ","Product2Id":"01t7R00000AG4uDQAT","UnitPrice":1020,"IsActive":true}|0x2391e812
22:35:09.5 (158569480)|STATEMENT_EXECUTE|[17]
22:35:09.5 (158610288)|HEAP_ALLOCATE|[17]|Bytes:8
22:35:09.5 (158634353)|DML_BEGIN|[17]|Op:Insert|Type:PricebookEntry|Rows:1
22:35:09.5 (158689848)|HEAP_ALLOCATE|[EXTERNAL]|Bytes:8
22:35:09.5 (190896717)|DML_END|[17]
22:35:09.5 (190936119)|STATEMENT_EXECUTE|[19]
22:35:09.5 (191019689)|HEAP_ALLOCATE|[19]|Bytes:4
22:35:09.5 (192572583)|VARIABLE_ASSIGNMENT|[19]|this.AccountId|"0017R00002z1YbLQAU"|0x661471e1
22:35:09.5 (192621506)|VARIABLE_SCOPE_BEGIN|[19]|o1|Order|true|false
22:35:09.5 (192650049)|VARIABLE_ASSIGNMENT|[19]|o1|{"AccountId":"0017R00002z1YbLQAU"}|0x661471e1
22:35:09.5 (192660649)|STATEMENT_EXECUTE|[20]
22:35:09.5 (192708904)|HEAP_ALLOCATE|[20]|Bytes:8
22:35:09.5 (192730720)|DML_BEGIN|[20]|Op:Insert|Type:Order|Rows:1
22:35:09.5 (192785820)|HEAP_ALLOCATE|[EXTERNAL]|Bytes:8
22:35:09.5 (204816554)|DML_END|[20]
22:35:09.5 (205055157)|VF_PAGE_MESSAGE|Required fields are missing: [EffectiveDate, Status]
22:35:09.5 (205253325)|EXCEPTION_THROWN|[20]|System.DmlException: Insert failed. First exception on row 0; first error: REQUIRED_FIELD_MISSING, Required fields are missing: [EffectiveDate, Status]: [EffectiveDate, Status]
22:35:09.5 (205902411)|HEAP_ALLOCATE|[20]|Bytes:159
22:35:09.5 (206020466)|FATAL_ERROR|System.DmlException: Insert failed. First exception on row 0; first error: REQUIRED_FIELD_MISSING, Required fields are missing: [EffectiveDate, Status]: [EffectiveDate, Status]

Class.testUpdateAccountCA.test: line 20, column 1
22:35:09.5 (206042868)|FATAL_ERROR|System.DmlException: Insert failed. First exception on row 0; first error: REQUIRED_FIELD_MISSING, Required fields are missing: [EffectiveDate, Status]: [EffectiveDate, Status]

Class.testUpdateAccountCA.test: line 20, column 1
22:35:09.206 (206069037)|CUMULATIVE_LIMIT_USAGE
22:35:09.206 (206069037)|LIMIT_USAGE_FOR_NS|(default)|
  Number of SOQL queries: 0 out of 100
  Number of query rows: 0 out of 50000
  Number of SOSL queries: 0 out of 20
  Number of DML statements: 4 out of 150
  Number of Publish Immediate DML: 0 out of 150
  Number of DML rows: 4 out of 10000
  Maximum CPU time: 0 out of 10000
  Maximum heap size: 0 out of 6000000
  Number of callouts: 0 out of 100
  Number of Email Invocations: 0 out of 10
  Number of future calls: 0 out of 50
  Number of queueable jobs added to the queue: 0 out of 50
  Number of Mobile Apex push calls: 0 out of 10

22:35:09.206 (206069037)|CUMULATIVE_LIMIT_USAGE_END

22:35:09.5 (206169539)|CODE_UNIT_FINISHED|testUpdateAccountCA.test()
22:35:09.5 (206177651)|EXECUTION_FINISHED
